<?xml version="1.0" encoding="UTF-8"?>
<!-- Generated by org.testng.reporters.JUnitReportReporter -->
<testsuite skipped="0" hostname="DSCHD-LAP-039" name="restAPITests.e2EResponseValidation" tests="1" failures="0" timestamp="26 Jul 2019 11:12:58 GMT" time="14.519" errors="0">
  <testcase name="deletePlaceAPITest" time="14.519" classname="restAPITests.e2EResponseValidation"/>
</testsuite> <!-- restAPITests.e2EResponseValidation -->
