<?xml version="1.0" encoding="UTF-8"?>
<!-- Generated by org.testng.reporters.JUnitReportReporter -->
<testsuite skipped="0" hostname="DSCHD-LAP-039" name="restAPITests.LibraryAPITest" tests="5" failures="0" timestamp="01 Aug 2019 10:14:36 GMT" time="4.851" errors="0">
  <testcase name="addBooksSetLibraryAPITest" time="0.176" classname="restAPITests.LibraryAPITest"/>
  <testcase name="addBooksSetLibraryAPITest" time="0.526" classname="restAPITests.LibraryAPITest"/>
  <testcase name="addBooksSetLibraryAPITest" time="0.225" classname="restAPITests.LibraryAPITest"/>
  <testcase name="staticJsonAddBookTest" time="0.162" classname="restAPITests.LibraryAPITest"/>
  <testcase name="addBookLibraryAPITest" time="3.762" classname="restAPITests.LibraryAPITest"/>
</testsuite> <!-- restAPITests.LibraryAPITest -->
