<?xml version="1.0" encoding="UTF-8"?>
<!-- Generated by org.testng.reporters.JUnitReportReporter -->
<testsuite skipped="0" hostname="DSCHD-LAP-039" name="restAPITests.jsonResponseTest" tests="1" failures="0" timestamp="26 Jul 2019 09:32:34 GMT" time="3.905" errors="0">
  <testcase name="playingWithJsonResponse" time="3.905" classname="restAPITests.jsonResponseTest"/>
</testsuite> <!-- restAPITests.jsonResponseTest -->
